<?xml version="1.0" encoding="UTF-8"?>
<!-- Generated by org.testng.reporters.JUnitReportReporter -->
<testsuite hostname="imrans-MBP.T-mobile.com" name="completeProject.Base" tests="1" failures="0" timestamp="19 Feb 2017 01:34:21 GMT" time="9.447" errors="0">
  <testcase name="baseSetup" time="9.447" classname="completeProject.Base"/>
</testsuite> <!-- completeProject.Base -->
