<?xml version="1.0" encoding="UTF-8"?>
<!-- Generated by org.testng.reporters.JUnitReportReporter -->
<testsuite hostname="imrans-MBP.T-mobile.com" name="completeProject.LoginTest" tests="2" failures="0" timestamp="23 Feb 2017 04:38:25 GMT" time="6.599" errors="0">
  <testcase name="clckSubmit" time="3.126" classname="completeProject.LoginTest"/>
  <testcase name="loginTest" time="3.473" classname="completeProject.LoginTest"/>
</testsuite> <!-- completeProject.LoginTest -->
